{"message":"Name Required","level":"error"}
{"message":"Name Required","level":"error"}
{"message":"hours Required","level":"error"}
{"message":"hours Required","level":"error"}
{"message":"minutes Required","level":"error"}
{"message":"Unauthorized request to path: /","level":"error"}
{"message":"Unauthorized request to path: /","level":"error"}
{"message":"Unauthorized request to path: /","level":"error"}
{"message":"Unauthorized request to path: /","level":"error"}
{"message":"Unauthorized request to path: /scores","level":"error"}
{"message":"hours Required","level":"error"}
{"message":"Unauthorized request to path: /","level":"error"}
{"message":"hours Required","level":"error"}
{"message":"hours Required","level":"error"}
{"message":"hours Required","level":"error"}
{"message":"hours Required","level":"error"}
{"message":"hours Required","level":"error"}
{"message":"Name Required","level":"error"}
{"message":"hours Required","level":"error"}
{"message":"hours Required","level":"error"}
{"message":"hours Required","level":"error"}
{"message":"Name Required","level":"error"}
{"message":"hours Required","level":"error"}
{"message":"hours Required","level":"error"}
{"message":"Name Required","level":"error"}
{"message":"Name Required","level":"error"}
{"message":"Name Required","level":"error"}
{"message":"Name Required","level":"error"}
{"message":"Name Required","level":"error"}
{"message":"Name Required","level":"error"}
{"message":"Unauthorized request to path: /scores/911","level":"error"}
{"message":"Name Required","level":"error"}
{"message":"Name Required","level":"error"}
{"message":"Name Required","level":"error"}
{"message":"Name Required","level":"error"}
{"message":"Name Required","level":"error"}
{"message":"Name Required","level":"error"}
{"message":"Name Required","level":"error"}
{"message":"Unauthorized request to path: /api/score","level":"error"}
{"message":"Unauthorized request to path: /api/score","level":"error"}
{"message":"Unauthorized request to path: /api/score","level":"error"}
{"message":"Unauthorized request to path: /api/score","level":"error"}
{"message":"Unauthorized request to path: /api/score","level":"error"}
{"message":"Unauthorized request to path: /api/score","level":"error"}
{"message":"Unauthorized request to path: /api/score","level":"error"}
{"message":"Unauthorized request to path: /api/score","level":"error"}
{"message":"Unauthorized request to path: /api/score","level":"error"}
{"message":"Unauthorized request to path: /api/score","level":"error"}
{"message":"Unauthorized request to path: /api/scores","level":"error"}
{"message":"Unauthorized request to path: /api/scores","level":"error"}
{"message":"Unauthorized request to path: /api/scores","level":"error"}
{"message":"Unauthorized request to path: /api/scores","level":"error"}
{"message":"Unauthorized request to path: /api/scores","level":"error"}
{"message":"Name Required","level":"error"}
{"message":"Name Required","level":"error"}
{"message":"Unauthorized request to path: /api/scores","level":"error"}
{"message":"Unauthorized request to path: /api/scores","level":"error"}
{"message":"Unauthorized request to path: /api/scores","level":"error"}
{"message":"Unauthorized request to path: /api/scores","level":"error"}
{"message":"Unauthorized request to path: /api/scores","level":"error"}
{"message":"Unauthorized request to path: /api/scores","level":"error"}
